<?xml version="1.0" encoding="utf-8"?>
<coverage line-rate="0.50207468879668049" branch-rate="0" complexity="0" branches-covered="0" branches-valid="0" timestamp="1694827782" lines-covered="121" lines-valid="241" version="0">
  <sources>
    <source>C:</source>
  </sources>
  <packages>
    <package name="C:\Users\poppy\Documents\GitHub\cosc345\build\build-cosc345-Desktop_Qt_6_5_2_MSVC2019_64bit-RelWithDebInfo\Tests.exe" line-rate="0.50207468879668049" branch-rate="0" complexity="0">
      <classes>
        <class name="camera.cpp" filename="Users\poppy\Documents\GitHub\cosc345\src\camera.cpp" line-rate="0.41666666666666669" branch-rate="0" complexity="0">
          <methods/>
          <lines>
            <line number="73" hits="1"/>
            <line number="76" hits="1"/>
            <line number="77" hits="1"/>
            <line number="78" hits="1"/>
            <line number="87" hits="1"/>
            <line number="88" hits="1"/>
            <line number="89" hits="1"/>
            <line number="90" hits="1"/>
            <line number="93" hits="1"/>
            <line number="96" hits="1"/>
            <line number="98" hits="1"/>
            <line number="99" hits="1"/>
            <line number="101" hits="1"/>
            <line number="102" hits="1"/>
            <line number="104" hits="1"/>
            <line number="105" hits="1"/>
            <line number="107" hits="1"/>
            <line number="108" hits="1"/>
            <line number="109" hits="1"/>
            <line number="110" hits="1"/>
            <line number="111" hits="1"/>
            <line number="112" hits="1"/>
            <line number="113" hits="1"/>
            <line number="114" hits="1"/>
            <line number="115" hits="1"/>
            <line number="116" hits="1"/>
            <line number="117" hits="1"/>
            <line number="118" hits="1"/>
            <line number="119" hits="1"/>
            <line number="121" hits="1"/>
            <line number="122" hits="1"/>
            <line number="123" hits="0"/>
            <line number="124" hits="0"/>
            <line number="125" hits="0"/>
            <line number="126" hits="0"/>
            <line number="127" hits="0"/>
            <line number="128" hits="0"/>
            <line number="129" hits="0"/>
            <line number="130" hits="0"/>
            <line number="131" hits="0"/>
            <line number="132" hits="0"/>
            <line number="133" hits="0"/>
            <line number="134" hits="0"/>
            <line number="135" hits="0"/>
            <line number="136" hits="0"/>
            <line number="137" hits="0"/>
            <line number="138" hits="0"/>
            <line number="139" hits="0"/>
            <line number="140" hits="0"/>
            <line number="141" hits="0"/>
            <line number="147" hits="0"/>
            <line number="149" hits="0"/>
            <line number="151" hits="0"/>
            <line number="153" hits="0"/>
            <line number="164" hits="1"/>
            <line number="177" hits="0"/>
            <line number="179" hits="0"/>
            <line number="181" hits="0"/>
            <line number="183" hits="0"/>
            <line number="184" hits="0"/>
            <line number="186" hits="0"/>
            <line number="189" hits="0"/>
            <line number="191" hits="0"/>
            <line number="192" hits="0"/>
            <line number="193" hits="0"/>
            <line number="195" hits="0"/>
            <line number="197" hits="0"/>
            <line number="199" hits="0"/>
            <line number="200" hits="0"/>
            <line number="201" hits="0"/>
            <line number="203" hits="0"/>
            <line number="204" hits="0"/>
            <line number="205" hits="0"/>
            <line number="206" hits="0"/>
            <line number="207" hits="0"/>
            <line number="208" hits="0"/>
            <line number="209" hits="0"/>
            <line number="211" hits="0"/>
            <line number="212" hits="0"/>
            <line number="214" hits="0"/>
            <line number="217" hits="0"/>
            <line number="218" hits="0"/>
            <line number="220" hits="0"/>
            <line number="221" hits="0"/>
            <line number="222" hits="0"/>
            <line number="224" hits="0"/>
            <line number="226" hits="0"/>
            <line number="227" hits="0"/>
            <line number="241" hits="0"/>
            <line number="244" hits="0"/>
            <line number="245" hits="0"/>
            <line number="250" hits="0"/>
            <line number="254" hits="0"/>
            <line number="259" hits="0"/>
            <line number="261" hits="0"/>
            <line number="262" hits="0"/>
            <line number="263" hits="0"/>
            <line number="265" hits="0"/>
            <line number="280" hits="0"/>
            <line number="281" hits="0"/>
            <line number="282" hits="0"/>
            <line number="283" hits="0"/>
            <line number="298" hits="0"/>
            <line number="299" hits="0"/>
            <line number="300" hits="0"/>
            <line number="302" hits="0"/>
            <line number="303" hits="0"/>
            <line number="305" hits="0"/>
            <line number="306" hits="0"/>
            <line number="317" hits="0"/>
            <line number="318" hits="0"/>
            <line number="332" hits="0"/>
            <line number="333" hits="0"/>
            <line number="343" hits="0"/>
            <line number="344" hits="0"/>
            <line number="345" hits="0"/>
            <line number="355" hits="1"/>
            <line number="358" hits="1"/>
            <line number="359" hits="1"/>
            <line number="360" hits="1"/>
            <line number="370" hits="1"/>
            <line number="372" hits="1"/>
            <line number="374" hits="1"/>
            <line number="375" hits="1"/>
            <line number="385" hits="0"/>
            <line number="386" hits="0"/>
            <line number="388" hits="0"/>
            <line number="389" hits="0"/>
            <line number="390" hits="0"/>
            <line number="393" hits="0"/>
            <line number="394" hits="0"/>
            <line number="396" hits="0"/>
            <line number="406" hits="1"/>
            <line number="407" hits="1"/>
            <line number="409" hits="1"/>
            <line number="410" hits="1"/>
            <line number="411" hits="1"/>
            <line number="414" hits="1"/>
            <line number="415" hits="1"/>
            <line number="416" hits="1"/>
            <line number="417" hits="1"/>
            <line number="420" hits="1"/>
            <line number="424" hits="1"/>
            <line number="427" hits="1"/>
            <line number="430" hits="1"/>
            <line number="432" hits="1"/>
            <line number="433" hits="1"/>
            <line number="434" hits="1"/>
            <line number="436" hits="1"/>
            <line number="437" hits="1"/>
            <line number="438" hits="1"/>
            <line number="444" hits="1"/>
            <line number="445" hits="1"/>
            <line number="454" hits="0"/>
            <line number="455" hits="0"/>
            <line number="456" hits="0"/>
            <line number="457" hits="0"/>
            <line number="469" hits="0"/>
            <line number="476" hits="0"/>
            <line number="478" hits="0"/>
            <line number="479" hits="0"/>
            <line number="482" hits="0"/>
            <line number="484" hits="0"/>
            <line number="489" hits="0"/>
            <line number="491" hits="0"/>
            <line number="492" hits="0"/>
            <line number="501" hits="1"/>
            <line number="502" hits="1"/>
            <line number="508" hits="1"/>
            <line number="509" hits="1"/>
            <line number="511" hits="1"/>
            <line number="512" hits="1"/>
            <line number="513" hits="1"/>
            <line number="514" hits="1"/>
            <line number="515" hits="1"/>
            <line number="517" hits="1"/>
            <line number="519" hits="1"/>
            <line number="521" hits="1"/>
            <line number="523" hits="1"/>
            <line number="525" hits="1"/>
          </lines>
        </class>
        <class name="camera.h" filename="Users\poppy\Documents\GitHub\cosc345\src\camera.h" line-rate="0.75" branch-rate="0" complexity="0">
          <methods/>
          <lines>
            <line number="57" hits="0"/>
            <line number="74" hits="1"/>
            <line number="90" hits="1"/>
            <line number="92" hits="1"/>
          </lines>
        </class>
        <class name="ttsCall.cpp" filename="Users\poppy\Documents\GitHub\cosc345\src\text_to_speech\ttsCall.cpp" line-rate="0.9285714285714286" branch-rate="0" complexity="0">
          <methods/>
          <lines>
            <line number="13" hits="1"/>
            <line number="16" hits="1"/>
            <line number="20" hits="1"/>
            <line number="23" hits="1"/>
            <line number="25" hits="1"/>
            <line number="28" hits="1"/>
            <line number="29" hits="1"/>
            <line number="30" hits="1"/>
            <line number="34" hits="0"/>
            <line number="38" hits="1"/>
            <line number="39" hits="1"/>
            <line number="48" hits="1"/>
            <line number="49" hits="1"/>
            <line number="50" hits="1"/>
          </lines>
        </class>
        <class name="test.cpp" filename="Users\poppy\Documents\GitHub\cosc345\tests\test.cpp" line-rate="0.69767441860465118" branch-rate="0" complexity="0">
          <methods/>
          <lines>
            <line number="50" hits="1"/>
            <line number="52" hits="1"/>
            <line number="53" hits="1"/>
            <line number="54" hits="1"/>
            <line number="55" hits="1"/>
            <line number="57" hits="1"/>
            <line number="60" hits="1"/>
            <line number="61" hits="1"/>
            <line number="62" hits="1"/>
            <line number="64" hits="1"/>
            <line number="65" hits="1"/>
            <line number="66" hits="1"/>
            <line number="67" hits="1"/>
            <line number="68" hits="1"/>
            <line number="70" hits="1"/>
            <line number="72" hits="0"/>
            <line number="73" hits="0"/>
            <line number="74" hits="0"/>
            <line number="76" hits="0"/>
            <line number="78" hits="0"/>
            <line number="79" hits="0"/>
            <line number="80" hits="0"/>
            <line number="82" hits="0"/>
            <line number="84" hits="0"/>
            <line number="85" hits="0"/>
            <line number="86" hits="0"/>
            <line number="88" hits="0"/>
            <line number="91" hits="0"/>
            <line number="92" hits="1"/>
            <line number="94" hits="1"/>
            <line number="97" hits="1"/>
            <line number="99" hits="1"/>
            <line number="100" hits="1"/>
            <line number="143" hits="1"/>
            <line number="145" hits="1"/>
            <line number="146" hits="1"/>
            <line number="147" hits="1"/>
            <line number="148" hits="1"/>
            <line number="149" hits="1"/>
            <line number="154" hits="1"/>
            <line number="157" hits="1"/>
            <line number="159" hits="1"/>
            <line number="175" hits="1"/>
          </lines>
        </class>
      </classes>
    </package>
  </packages>
</coverage>
