<?xml version="1.0" encoding="utf-8"?>
<coverage line-rate="0.46153846153846156" branch-rate="0" complexity="0" branches-covered="0" branches-valid="0" timestamp="1694859990" lines-covered="72" lines-valid="156" version="0">
  <sources>
    <source>C:</source>
  </sources>
  <packages>
    <package name="C:\Users\poppy\Documents\GitHub\cosc345\build\build-cosc345-Desktop_Qt_6_5_2_MSVC2019_64bit-RelWithDebInfo\345Application.exe" line-rate="0.46153846153846156" branch-rate="0" complexity="0">
      <classes>
        <class name="camera.cpp" filename="Users\poppy\Documents\GitHub\cosc345\src\camera.cpp" line-rate="0.45588235294117646" branch-rate="0" complexity="0">
          <methods/>
          <lines>
            <line number="69" hits="1"/>
            <line number="72" hits="1"/>
            <line number="73" hits="1"/>
            <line number="74" hits="1"/>
            <line number="76" hits="1"/>
            <line number="84" hits="1"/>
            <line number="85" hits="1"/>
            <line number="87" hits="1"/>
            <line number="90" hits="1"/>
            <line number="93" hits="1"/>
            <line number="95" hits="1"/>
            <line number="96" hits="1"/>
            <line number="98" hits="1"/>
            <line number="99" hits="1"/>
            <line number="101" hits="1"/>
            <line number="102" hits="1"/>
            <line number="105" hits="1"/>
            <line number="106" hits="1"/>
            <line number="107" hits="1"/>
            <line number="108" hits="1"/>
            <line number="109" hits="1"/>
            <line number="111" hits="1"/>
            <line number="112" hits="1"/>
            <line number="114" hits="1"/>
            <line number="115" hits="1"/>
            <line number="116" hits="1"/>
            <line number="119" hits="1"/>
            <line number="120" hits="0"/>
            <line number="121" hits="0"/>
            <line number="122" hits="0"/>
            <line number="124" hits="0"/>
            <line number="125" hits="0"/>
            <line number="126" hits="0"/>
            <line number="127" hits="0"/>
            <line number="129" hits="0"/>
            <line number="130" hits="0"/>
            <line number="131" hits="0"/>
            <line number="132" hits="0"/>
            <line number="135" hits="0"/>
            <line number="136" hits="0"/>
            <line number="137" hits="0"/>
            <line number="138" hits="0"/>
            <line number="144" hits="0"/>
            <line number="161" hits="1"/>
            <line number="174" hits="0"/>
            <line number="176" hits="0"/>
            <line number="178" hits="0"/>
            <line number="180" hits="0"/>
            <line number="181" hits="0"/>
            <line number="183" hits="0"/>
            <line number="186" hits="0"/>
            <line number="188" hits="0"/>
            <line number="189" hits="0"/>
            <line number="190" hits="0"/>
            <line number="192" hits="0"/>
            <line number="194" hits="0"/>
            <line number="196" hits="0"/>
            <line number="197" hits="0"/>
            <line number="198" hits="0"/>
            <line number="200" hits="0"/>
            <line number="201" hits="0"/>
            <line number="202" hits="0"/>
            <line number="203" hits="0"/>
            <line number="204" hits="0"/>
            <line number="205" hits="0"/>
            <line number="206" hits="0"/>
            <line number="208" hits="0"/>
            <line number="209" hits="0"/>
            <line number="211" hits="0"/>
            <line number="214" hits="0"/>
            <line number="215" hits="0"/>
            <line number="217" hits="0"/>
            <line number="218" hits="0"/>
            <line number="219" hits="0"/>
            <line number="238" hits="0"/>
            <line number="241" hits="0"/>
            <line number="242" hits="0"/>
            <line number="247" hits="0"/>
            <line number="251" hits="0"/>
            <line number="256" hits="0"/>
            <line number="258" hits="0"/>
            <line number="259" hits="0"/>
            <line number="260" hits="0"/>
            <line number="262" hits="0"/>
            <line number="277" hits="0"/>
            <line number="279" hits="0"/>
            <line number="280" hits="0"/>
            <line number="281" hits="0"/>
            <line number="282" hits="0"/>
            <line number="283" hits="0"/>
            <line number="298" hits="0"/>
            <line number="299" hits="0"/>
            <line number="301" hits="0"/>
            <line number="303" hits="0"/>
            <line number="306" hits="0"/>
            <line number="307" hits="0"/>
            <line number="330" hits="0"/>
            <line number="333" hits="0"/>
            <line number="334" hits="0"/>
            <line number="335" hits="0"/>
            <line number="345" hits="0"/>
            <line number="347" hits="0"/>
            <line number="361" hits="1"/>
            <line number="362" hits="1"/>
            <line number="364" hits="1"/>
            <line number="365" hits="1"/>
            <line number="366" hits="1"/>
            <line number="369" hits="1"/>
            <line number="370" hits="1"/>
            <line number="371" hits="1"/>
            <line number="372" hits="1"/>
            <line number="375" hits="1"/>
            <line number="379" hits="1"/>
            <line number="382" hits="1"/>
            <line number="385" hits="1"/>
            <line number="387" hits="1"/>
            <line number="388" hits="1"/>
            <line number="389" hits="1"/>
            <line number="391" hits="1"/>
            <line number="392" hits="1"/>
            <line number="393" hits="1"/>
            <line number="396" hits="1"/>
            <line number="397" hits="1"/>
            <line number="399" hits="1"/>
            <line number="400" hits="1"/>
            <line number="456" hits="1"/>
            <line number="457" hits="1"/>
            <line number="463" hits="1"/>
            <line number="464" hits="1"/>
            <line number="466" hits="1"/>
            <line number="467" hits="1"/>
            <line number="468" hits="1"/>
            <line number="469" hits="1"/>
            <line number="470" hits="1"/>
            <line number="472" hits="1"/>
            <line number="474" hits="1"/>
          </lines>
        </class>
        <class name="camera.h" filename="Users\poppy\Documents\GitHub\cosc345\src\camera.h" line-rate="1" branch-rate="0" complexity="0">
          <methods/>
          <lines>
            <line number="74" hits="1"/>
            <line number="90" hits="1"/>
            <line number="92" hits="1"/>
          </lines>
        </class>
        <class name="main.cpp" filename="Users\poppy\Documents\GitHub\cosc345\src\main.cpp" line-rate="1" branch-rate="0" complexity="0">
          <methods/>
          <lines>
            <line number="33" hits="1"/>
            <line number="36" hits="1"/>
            <line number="39" hits="1"/>
            <line number="40" hits="1"/>
            <line number="43" hits="1"/>
            <line number="44" hits="1"/>
          </lines>
        </class>
        <class name="ttsCall.cpp" filename="Users\poppy\Documents\GitHub\cosc345\src\text_to_speech\ttsCall.cpp" line-rate="0.090909090909090912" branch-rate="0" complexity="0">
          <methods/>
          <lines>
            <line number="13" hits="1"/>
            <line number="16" hits="0"/>
            <line number="20" hits="0"/>
            <line number="23" hits="0"/>
            <line number="25" hits="0"/>
            <line number="28" hits="0"/>
            <line number="29" hits="0"/>
            <line number="30" hits="0"/>
            <line number="34" hits="0"/>
            <line number="38" hits="0"/>
            <line number="39" hits="0"/>
          </lines>
        </class>
      </classes>
    </package>
  </packages>
</coverage>
