<?xml version="1.0" encoding="utf-8"?>
<coverage line-rate="0.73267326732673266" branch-rate="0" complexity="0" branches-covered="0" branches-valid="0" timestamp="1695686047" lines-covered="222" lines-valid="303" version="0">
  <sources>
    <source>C:</source>
  </sources>
  <packages>
    <package name="C:\Users\poppy\Documents\GitHub\cosc345\build\build-cosc345-Desktop_Qt_6_5_2_MSVC2019_64bit-RelWithDebInfo\Tests.exe" line-rate="0.73267326732673266" branch-rate="0" complexity="0">
      <classes>
        <class name="camera.cpp" filename="Users\poppy\Documents\GitHub\cosc345\src\camera.cpp" line-rate="0.66666666666666663" branch-rate="0" complexity="0">
          <methods/>
          <lines>
            <line number="69" hits="1"/>
            <line number="72" hits="1"/>
            <line number="73" hits="1"/>
            <line number="74" hits="1"/>
            <line number="76" hits="1"/>
            <line number="77" hits="1"/>
            <line number="78" hits="1"/>
            <line number="88" hits="1"/>
            <line number="89" hits="1"/>
            <line number="91" hits="1"/>
            <line number="92" hits="1"/>
            <line number="94" hits="1"/>
            <line number="97" hits="1"/>
            <line number="100" hits="1"/>
            <line number="102" hits="1"/>
            <line number="103" hits="1"/>
            <line number="105" hits="1"/>
            <line number="106" hits="1"/>
            <line number="108" hits="1"/>
            <line number="112" hits="1"/>
            <line number="113" hits="1"/>
            <line number="114" hits="1"/>
            <line number="115" hits="1"/>
            <line number="116" hits="1"/>
            <line number="118" hits="1"/>
            <line number="119" hits="1"/>
            <line number="121" hits="1"/>
            <line number="122" hits="1"/>
            <line number="123" hits="1"/>
            <line number="126" hits="1"/>
            <line number="127" hits="0"/>
            <line number="128" hits="0"/>
            <line number="129" hits="0"/>
            <line number="131" hits="0"/>
            <line number="132" hits="0"/>
            <line number="133" hits="0"/>
            <line number="134" hits="0"/>
            <line number="136" hits="0"/>
            <line number="137" hits="0"/>
            <line number="138" hits="0"/>
            <line number="139" hits="0"/>
            <line number="142" hits="0"/>
            <line number="143" hits="0"/>
            <line number="144" hits="0"/>
            <line number="151" hits="0"/>
            <line number="161" hits="1"/>
            <line number="162" hits="1"/>
            <line number="163" hits="1"/>
            <line number="165" hits="1"/>
            <line number="167" hits="1"/>
            <line number="168" hits="0"/>
            <line number="170" hits="1"/>
            <line number="171" hits="1"/>
            <line number="173" hits="1"/>
            <line number="175" hits="0"/>
            <line number="177" hits="0"/>
            <line number="179" hits="0"/>
            <line number="180" hits="0"/>
            <line number="183" hits="0"/>
            <line number="184" hits="0"/>
            <line number="186" hits="0"/>
            <line number="188" hits="0"/>
            <line number="190" hits="0"/>
            <line number="203" hits="0"/>
            <line number="205" hits="0"/>
            <line number="207" hits="0"/>
            <line number="209" hits="0"/>
            <line number="210" hits="0"/>
            <line number="212" hits="0"/>
            <line number="215" hits="0"/>
            <line number="217" hits="0"/>
            <line number="218" hits="0"/>
            <line number="219" hits="0"/>
            <line number="221" hits="0"/>
            <line number="223" hits="0"/>
            <line number="225" hits="0"/>
            <line number="226" hits="0"/>
            <line number="227" hits="0"/>
            <line number="229" hits="0"/>
            <line number="230" hits="0"/>
            <line number="231" hits="0"/>
            <line number="232" hits="0"/>
            <line number="233" hits="0"/>
            <line number="234" hits="0"/>
            <line number="235" hits="0"/>
            <line number="237" hits="0"/>
            <line number="238" hits="0"/>
            <line number="240" hits="0"/>
            <line number="244" hits="0"/>
            <line number="245" hits="0"/>
            <line number="247" hits="0"/>
            <line number="248" hits="0"/>
            <line number="249" hits="0"/>
            <line number="251" hits="1"/>
            <line number="252" hits="1"/>
            <line number="253" hits="1"/>
            <line number="254" hits="1"/>
            <line number="273" hits="1"/>
            <line number="277" hits="1"/>
            <line number="278" hits="1"/>
            <line number="281" hits="1"/>
            <line number="284" hits="1"/>
            <line number="287" hits="1"/>
            <line number="288" hits="1"/>
            <line number="289" hits="1"/>
            <line number="290" hits="1"/>
            <line number="291" hits="1"/>
            <line number="306" hits="1"/>
            <line number="318" hits="1"/>
            <line number="319" hits="1"/>
            <line number="320" hits="1"/>
            <line number="321" hits="1"/>
            <line number="322" hits="1"/>
            <line number="337" hits="1"/>
            <line number="338" hits="1"/>
            <line number="340" hits="1"/>
            <line number="342" hits="1"/>
            <line number="345" hits="1"/>
            <line number="346" hits="1"/>
            <line number="349" hits="1"/>
            <line number="350" hits="1"/>
            <line number="352" hits="1"/>
            <line number="354" hits="1"/>
            <line number="355" hits="1"/>
            <line number="357" hits="1"/>
            <line number="358" hits="1"/>
            <line number="360" hits="1"/>
            <line number="361" hits="1"/>
            <line number="384" hits="1"/>
            <line number="387" hits="1"/>
            <line number="388" hits="1"/>
            <line number="389" hits="1"/>
            <line number="399" hits="1"/>
            <line number="401" hits="1"/>
            <line number="415" hits="1"/>
            <line number="416" hits="1"/>
            <line number="418" hits="1"/>
            <line number="419" hits="1"/>
            <line number="420" hits="1"/>
            <line number="423" hits="1"/>
            <line number="424" hits="1"/>
            <line number="425" hits="1"/>
            <line number="426" hits="1"/>
            <line number="428" hits="1"/>
            <line number="430" hits="1"/>
            <line number="432" hits="1"/>
            <line number="433" hits="1"/>
            <line number="435" hits="1"/>
            <line number="445" hits="1"/>
            <line number="447" hits="1"/>
            <line number="448" hits="1"/>
            <line number="449" hits="1"/>
            <line number="451" hits="1"/>
            <line number="452" hits="1"/>
            <line number="453" hits="1"/>
            <line number="456" hits="1"/>
            <line number="457" hits="1"/>
            <line number="459" hits="1"/>
            <line number="460" hits="1"/>
            <line number="462" hits="0"/>
            <line number="463" hits="0"/>
            <line number="464" hits="0"/>
            <line number="465" hits="0"/>
            <line number="466" hits="0"/>
            <line number="468" hits="1"/>
            <line number="469" hits="1"/>
            <line number="471" hits="1"/>
            <line number="473" hits="0"/>
            <line number="476" hits="1"/>
            <line number="478" hits="1"/>
            <line number="487" hits="1"/>
            <line number="488" hits="1"/>
            <line number="489" hits="0"/>
            <line number="490" hits="0"/>
            <line number="491" hits="0"/>
            <line number="492" hits="1"/>
            <line number="501" hits="1"/>
            <line number="503" hits="1"/>
            <line number="505" hits="1"/>
            <line number="517" hits="1"/>
            <line number="518" hits="1"/>
            <line number="519" hits="1"/>
            <line number="521" hits="1"/>
            <line number="522" hits="1"/>
            <line number="523" hits="1"/>
            <line number="524" hits="1"/>
            <line number="526" hits="1"/>
            <line number="527" hits="1"/>
            <line number="528" hits="1"/>
            <line number="530" hits="1"/>
            <line number="531" hits="1"/>
            <line number="532" hits="1"/>
          </lines>
        </class>
        <class name="camera.h" filename="Users\poppy\Documents\GitHub\cosc345\src\camera.h" line-rate="1" branch-rate="0" complexity="0">
          <methods/>
          <lines>
            <line number="77" hits="1"/>
            <line number="94" hits="1"/>
            <line number="96" hits="1"/>
          </lines>
        </class>
        <class name="ttsCall.cpp" filename="Users\poppy\Documents\GitHub\cosc345\src\text_to_speech\ttsCall.cpp" line-rate="0.9375" branch-rate="0" complexity="0">
          <methods/>
          <lines>
            <line number="15" hits="1"/>
            <line number="18" hits="1"/>
            <line number="22" hits="1"/>
            <line number="26" hits="1"/>
            <line number="29" hits="1"/>
            <line number="31" hits="1"/>
            <line number="32" hits="1"/>
            <line number="33" hits="1"/>
            <line number="34" hits="1"/>
            <line number="35" hits="1"/>
            <line number="39" hits="0"/>
            <line number="44" hits="1"/>
            <line number="45" hits="1"/>
            <line number="54" hits="1"/>
            <line number="55" hits="1"/>
            <line number="56" hits="1"/>
          </lines>
        </class>
        <class name="test.cpp" filename="Users\poppy\Documents\GitHub\cosc345\tests\test.cpp" line-rate="0.82608695652173914" branch-rate="0" complexity="0">
          <methods/>
          <lines>
            <line number="56" hits="1"/>
            <line number="58" hits="1"/>
            <line number="59" hits="1"/>
            <line number="60" hits="1"/>
            <line number="61" hits="1"/>
            <line number="63" hits="1"/>
            <line number="66" hits="1"/>
            <line number="67" hits="1"/>
            <line number="68" hits="1"/>
            <line number="70" hits="1"/>
            <line number="71" hits="1"/>
            <line number="72" hits="1"/>
            <line number="73" hits="1"/>
            <line number="74" hits="1"/>
            <line number="76" hits="1"/>
            <line number="78" hits="0"/>
            <line number="79" hits="0"/>
            <line number="80" hits="0"/>
            <line number="82" hits="0"/>
            <line number="84" hits="0"/>
            <line number="85" hits="0"/>
            <line number="86" hits="0"/>
            <line number="88" hits="0"/>
            <line number="90" hits="0"/>
            <line number="91" hits="0"/>
            <line number="92" hits="0"/>
            <line number="94" hits="0"/>
            <line number="97" hits="0"/>
            <line number="98" hits="1"/>
            <line number="100" hits="1"/>
            <line number="103" hits="1"/>
            <line number="105" hits="1"/>
            <line number="106" hits="1"/>
            <line number="110" hits="1"/>
            <line number="112" hits="1"/>
            <line number="113" hits="1"/>
            <line number="114" hits="1"/>
            <line number="116" hits="1"/>
            <line number="119" hits="1"/>
            <line number="121" hits="1"/>
            <line number="124" hits="1"/>
            <line number="125" hits="1"/>
            <line number="126" hits="0"/>
            <line number="128" hits="1"/>
            <line number="132" hits="1"/>
            <line number="135" hits="1"/>
            <line number="137" hits="1"/>
            <line number="140" hits="1"/>
            <line number="141" hits="1"/>
            <line number="142" hits="0"/>
            <line number="144" hits="1"/>
            <line number="150" hits="1"/>
            <line number="151" hits="1"/>
            <line number="153" hits="1"/>
            <line number="155" hits="1"/>
            <line number="156" hits="1"/>
            <line number="157" hits="1"/>
            <line number="160" hits="1"/>
            <line number="163" hits="1"/>
            <line number="165" hits="1"/>
            <line number="166" hits="1"/>
            <line number="167" hits="1"/>
            <line number="168" hits="1"/>
            <line number="171" hits="1"/>
            <line number="172" hits="1"/>
            <line number="180" hits="1"/>
            <line number="181" hits="1"/>
            <line number="182" hits="1"/>
            <line number="183" hits="1"/>
            <line number="184" hits="1"/>
            <line number="185" hits="1"/>
            <line number="191" hits="1"/>
            <line number="192" hits="1"/>
            <line number="194" hits="1"/>
            <line number="195" hits="0"/>
            <line number="197" hits="1"/>
            <line number="199" hits="1"/>
            <line number="202" hits="1"/>
            <line number="204" hits="1"/>
            <line number="214" hits="1"/>
            <line number="216" hits="1"/>
            <line number="218" hits="1"/>
            <line number="219" hits="1"/>
            <line number="221" hits="1"/>
            <line number="223" hits="1"/>
            <line number="225" hits="1"/>
            <line number="227" hits="1"/>
            <line number="228" hits="1"/>
            <line number="229" hits="1"/>
            <line number="230" hits="1"/>
            <line number="231" hits="1"/>
            <line number="234" hits="1"/>
          </lines>
        </class>
      </classes>
    </package>
  </packages>
</coverage>
